2018-01-25 09:53:43,180 - Log4JLogChute initialized using file 'velocity.log'
2018-01-25 09:53:43,180 - Initializing Velocity, Calling init()...
2018-01-25 09:53:43,180 - Starting Apache Velocity v1.7 (compiled: 2010-11-19 12:14:37)
2018-01-25 09:53:43,180 - Default Properties File: org\apache\velocity\runtime\defaults\velocity.properties
2018-01-25 09:53:43,180 - Trying to use logger class org.apache.velocity.runtime.log.AvalonLogChute
2018-01-25 09:53:43,180 - Target log system for org.apache.velocity.runtime.log.AvalonLogChute is not available (java.lang.NoClassDefFoundError: org/apache/log/format/Formatter).  Falling back to next log system...
2018-01-25 09:53:43,180 - Trying to use logger class org.apache.velocity.runtime.log.Log4JLogChute
2018-01-25 09:53:43,180 - Using logger class org.apache.velocity.runtime.log.Log4JLogChute
2018-01-25 09:53:43,184 - ResourceLoader instantiated: org.apache.velocity.runtime.resource.loader.FileResourceLoader
2018-01-25 09:53:43,185 - Do unicode file recognition:  false
2018-01-25 09:53:43,185 - FileResourceLoader : adding path '.'
2018-01-25 09:53:43,191 - ResourceCache: initialized (class org.apache.velocity.runtime.resource.ResourceCacheImpl) with class java.util.Collections$SynchronizedMap cache map.
2018-01-25 09:53:43,192 - Loaded System Directive: org.apache.velocity.runtime.directive.Stop
2018-01-25 09:53:43,192 - Loaded System Directive: org.apache.velocity.runtime.directive.Define
2018-01-25 09:53:43,193 - Loaded System Directive: org.apache.velocity.runtime.directive.Break
2018-01-25 09:53:43,194 - Loaded System Directive: org.apache.velocity.runtime.directive.Evaluate
2018-01-25 09:53:43,194 - Loaded System Directive: org.apache.velocity.runtime.directive.Literal
2018-01-25 09:53:43,196 - Loaded System Directive: org.apache.velocity.runtime.directive.Macro
2018-01-25 09:53:43,197 - Loaded System Directive: org.apache.velocity.runtime.directive.Parse
2018-01-25 09:53:43,197 - Loaded System Directive: org.apache.velocity.runtime.directive.Include
2018-01-25 09:53:43,198 - Loaded System Directive: org.apache.velocity.runtime.directive.Foreach
2018-01-25 09:53:43,226 - Created '20' parsers.
2018-01-25 09:53:43,230 - Velocimacro : "velocimacro.library" is not set.  Trying default library: VM_global_library.vm
2018-01-25 09:53:43,231 - Velocimacro : Default library not found.
2018-01-25 09:53:43,231 - Velocimacro : allowInline = true : VMs can be defined inline in templates
2018-01-25 09:53:43,231 - Velocimacro : allowInlineToOverride = false : VMs defined inline may NOT replace previous VM definitions
2018-01-25 09:53:43,231 - Velocimacro : allowInlineLocal = false : VMs defined inline will be global in scope if allowed.
2018-01-25 09:53:43,231 - Velocimacro : autoload off : VM system will not automatically reload global library macros
2018-01-25 09:58:09,886 - Log4JLogChute initialized using file 'velocity.log'
2018-01-25 09:58:09,887 - Initializing Velocity, Calling init()...
2018-01-25 09:58:09,887 - Starting Apache Velocity v1.7 (compiled: 2010-11-19 12:14:37)
2018-01-25 09:58:09,887 - Default Properties File: org\apache\velocity\runtime\defaults\velocity.properties
2018-01-25 09:58:09,887 - Trying to use logger class org.apache.velocity.runtime.log.AvalonLogChute
2018-01-25 09:58:09,887 - Target log system for org.apache.velocity.runtime.log.AvalonLogChute is not available (java.lang.NoClassDefFoundError: org/apache/log/format/Formatter).  Falling back to next log system...
2018-01-25 09:58:09,887 - Trying to use logger class org.apache.velocity.runtime.log.Log4JLogChute
2018-01-25 09:58:09,887 - Using logger class org.apache.velocity.runtime.log.Log4JLogChute
2018-01-25 09:58:09,891 - ResourceLoader instantiated: org.apache.velocity.runtime.resource.loader.FileResourceLoader
2018-01-25 09:58:09,893 - Do unicode file recognition:  false
2018-01-25 09:58:09,893 - FileResourceLoader : adding path '.'
2018-01-25 09:58:09,899 - ResourceCache: initialized (class org.apache.velocity.runtime.resource.ResourceCacheImpl) with class java.util.Collections$SynchronizedMap cache map.
2018-01-25 09:58:09,901 - Loaded System Directive: org.apache.velocity.runtime.directive.Stop
2018-01-25 09:58:09,902 - Loaded System Directive: org.apache.velocity.runtime.directive.Define
2018-01-25 09:58:09,904 - Loaded System Directive: org.apache.velocity.runtime.directive.Break
2018-01-25 09:58:09,905 - Loaded System Directive: org.apache.velocity.runtime.directive.Evaluate
2018-01-25 09:58:09,906 - Loaded System Directive: org.apache.velocity.runtime.directive.Literal
2018-01-25 09:58:09,907 - Loaded System Directive: org.apache.velocity.runtime.directive.Macro
2018-01-25 09:58:09,908 - Loaded System Directive: org.apache.velocity.runtime.directive.Parse
2018-01-25 09:58:09,909 - Loaded System Directive: org.apache.velocity.runtime.directive.Include
2018-01-25 09:58:09,911 - Loaded System Directive: org.apache.velocity.runtime.directive.Foreach
2018-01-25 09:58:09,945 - Created '20' parsers.
2018-01-25 09:58:09,950 - Velocimacro : "velocimacro.library" is not set.  Trying default library: VM_global_library.vm
2018-01-25 09:58:09,951 - Velocimacro : Default library not found.
2018-01-25 09:58:09,951 - Velocimacro : allowInline = true : VMs can be defined inline in templates
2018-01-25 09:58:09,951 - Velocimacro : allowInlineToOverride = false : VMs defined inline may NOT replace previous VM definitions
2018-01-25 09:58:09,951 - Velocimacro : allowInlineLocal = false : VMs defined inline will be global in scope if allowed.
2018-01-25 09:58:09,951 - Velocimacro : autoload off : VM system will not automatically reload global library macros
2018-01-25 11:08:01,265 - Log4JLogChute initialized using file 'velocity.log'
2018-01-25 11:08:01,265 - Initializing Velocity, Calling init()...
2018-01-25 11:08:01,265 - Starting Apache Velocity v1.7 (compiled: 2010-11-19 12:14:37)
2018-01-25 11:08:01,265 - Default Properties File: org\apache\velocity\runtime\defaults\velocity.properties
2018-01-25 11:08:01,265 - Trying to use logger class org.apache.velocity.runtime.log.AvalonLogChute
2018-01-25 11:08:01,265 - Target log system for org.apache.velocity.runtime.log.AvalonLogChute is not available (java.lang.NoClassDefFoundError: org/apache/log/format/Formatter).  Falling back to next log system...
2018-01-25 11:08:01,265 - Trying to use logger class org.apache.velocity.runtime.log.Log4JLogChute
2018-01-25 11:08:01,265 - Using logger class org.apache.velocity.runtime.log.Log4JLogChute
2018-01-25 11:08:01,270 - ResourceLoader instantiated: org.apache.velocity.runtime.resource.loader.FileResourceLoader
2018-01-25 11:08:01,271 - Do unicode file recognition:  false
2018-01-25 11:08:01,271 - FileResourceLoader : adding path '.'
2018-01-25 11:08:01,277 - ResourceCache: initialized (class org.apache.velocity.runtime.resource.ResourceCacheImpl) with class java.util.Collections$SynchronizedMap cache map.
2018-01-25 11:08:01,280 - Loaded System Directive: org.apache.velocity.runtime.directive.Stop
2018-01-25 11:08:01,280 - Loaded System Directive: org.apache.velocity.runtime.directive.Define
2018-01-25 11:08:01,281 - Loaded System Directive: org.apache.velocity.runtime.directive.Break
2018-01-25 11:08:01,281 - Loaded System Directive: org.apache.velocity.runtime.directive.Evaluate
2018-01-25 11:08:01,282 - Loaded System Directive: org.apache.velocity.runtime.directive.Literal
2018-01-25 11:08:01,282 - Loaded System Directive: org.apache.velocity.runtime.directive.Macro
2018-01-25 11:08:01,283 - Loaded System Directive: org.apache.velocity.runtime.directive.Parse
2018-01-25 11:08:01,284 - Loaded System Directive: org.apache.velocity.runtime.directive.Include
2018-01-25 11:08:01,285 - Loaded System Directive: org.apache.velocity.runtime.directive.Foreach
2018-01-25 11:08:01,313 - Created '20' parsers.
2018-01-25 11:08:01,316 - Velocimacro : "velocimacro.library" is not set.  Trying default library: VM_global_library.vm
2018-01-25 11:08:01,316 - Velocimacro : Default library not found.
2018-01-25 11:08:01,316 - Velocimacro : allowInline = true : VMs can be defined inline in templates
2018-01-25 11:08:01,316 - Velocimacro : allowInlineToOverride = false : VMs defined inline may NOT replace previous VM definitions
2018-01-25 11:08:01,317 - Velocimacro : allowInlineLocal = false : VMs defined inline will be global in scope if allowed.
2018-01-25 11:08:01,317 - Velocimacro : autoload off : VM system will not automatically reload global library macros
2018-01-25 11:43:50,654 - Log4JLogChute initialized using file 'velocity.log'
2018-01-25 11:43:50,655 - Initializing Velocity, Calling init()...
2018-01-25 11:43:50,655 - Starting Apache Velocity v1.7 (compiled: 2010-11-19 12:14:37)
2018-01-25 11:43:50,655 - Default Properties File: org\apache\velocity\runtime\defaults\velocity.properties
2018-01-25 11:43:50,655 - Trying to use logger class org.apache.velocity.runtime.log.AvalonLogChute
2018-01-25 11:43:50,655 - Target log system for org.apache.velocity.runtime.log.AvalonLogChute is not available (java.lang.NoClassDefFoundError: org/apache/log/format/Formatter).  Falling back to next log system...
2018-01-25 11:43:50,655 - Trying to use logger class org.apache.velocity.runtime.log.Log4JLogChute
2018-01-25 11:43:50,655 - Using logger class org.apache.velocity.runtime.log.Log4JLogChute
2018-01-25 11:43:50,658 - ResourceLoader instantiated: org.apache.velocity.runtime.resource.loader.FileResourceLoader
2018-01-25 11:43:50,659 - Do unicode file recognition:  false
2018-01-25 11:43:50,659 - FileResourceLoader : adding path '.'
2018-01-25 11:43:50,663 - ResourceCache: initialized (class org.apache.velocity.runtime.resource.ResourceCacheImpl) with class java.util.Collections$SynchronizedMap cache map.
2018-01-25 11:43:50,664 - Loaded System Directive: org.apache.velocity.runtime.directive.Stop
2018-01-25 11:43:50,665 - Loaded System Directive: org.apache.velocity.runtime.directive.Define
2018-01-25 11:43:50,666 - Loaded System Directive: org.apache.velocity.runtime.directive.Break
2018-01-25 11:43:50,666 - Loaded System Directive: org.apache.velocity.runtime.directive.Evaluate
2018-01-25 11:43:50,666 - Loaded System Directive: org.apache.velocity.runtime.directive.Literal
2018-01-25 11:43:50,667 - Loaded System Directive: org.apache.velocity.runtime.directive.Macro
2018-01-25 11:43:50,668 - Loaded System Directive: org.apache.velocity.runtime.directive.Parse
2018-01-25 11:43:50,669 - Loaded System Directive: org.apache.velocity.runtime.directive.Include
2018-01-25 11:43:50,671 - Loaded System Directive: org.apache.velocity.runtime.directive.Foreach
2018-01-25 11:43:50,696 - Created '20' parsers.
2018-01-25 11:43:50,699 - Velocimacro : "velocimacro.library" is not set.  Trying default library: VM_global_library.vm
2018-01-25 11:43:50,699 - Velocimacro : Default library not found.
2018-01-25 11:43:50,699 - Velocimacro : allowInline = true : VMs can be defined inline in templates
2018-01-25 11:43:50,699 - Velocimacro : allowInlineToOverride = false : VMs defined inline may NOT replace previous VM definitions
2018-01-25 11:43:50,699 - Velocimacro : allowInlineLocal = false : VMs defined inline will be global in scope if allowed.
2018-01-25 11:43:50,700 - Velocimacro : autoload off : VM system will not automatically reload global library macros
2018-01-25 12:33:36,788 - Log4JLogChute initialized using file 'velocity.log'
2018-01-25 12:33:36,788 - Initializing Velocity, Calling init()...
2018-01-25 12:33:36,788 - Starting Apache Velocity v1.7 (compiled: 2010-11-19 12:14:37)
2018-01-25 12:33:36,788 - Default Properties File: org\apache\velocity\runtime\defaults\velocity.properties
2018-01-25 12:33:36,788 - Trying to use logger class org.apache.velocity.runtime.log.AvalonLogChute
2018-01-25 12:33:36,788 - Target log system for org.apache.velocity.runtime.log.AvalonLogChute is not available (java.lang.NoClassDefFoundError: org/apache/log/format/Formatter).  Falling back to next log system...
2018-01-25 12:33:36,789 - Trying to use logger class org.apache.velocity.runtime.log.Log4JLogChute
2018-01-25 12:33:36,789 - Using logger class org.apache.velocity.runtime.log.Log4JLogChute
2018-01-25 12:33:36,792 - ResourceLoader instantiated: org.apache.velocity.runtime.resource.loader.FileResourceLoader
2018-01-25 12:33:36,793 - Do unicode file recognition:  false
2018-01-25 12:33:36,793 - FileResourceLoader : adding path '.'
2018-01-25 12:33:36,799 - ResourceCache: initialized (class org.apache.velocity.runtime.resource.ResourceCacheImpl) with class java.util.Collections$SynchronizedMap cache map.
2018-01-25 12:33:36,800 - Loaded System Directive: org.apache.velocity.runtime.directive.Stop
2018-01-25 12:33:36,801 - Loaded System Directive: org.apache.velocity.runtime.directive.Define
2018-01-25 12:33:36,801 - Loaded System Directive: org.apache.velocity.runtime.directive.Break
2018-01-25 12:33:36,802 - Loaded System Directive: org.apache.velocity.runtime.directive.Evaluate
2018-01-25 12:33:36,802 - Loaded System Directive: org.apache.velocity.runtime.directive.Literal
2018-01-25 12:33:36,803 - Loaded System Directive: org.apache.velocity.runtime.directive.Macro
2018-01-25 12:33:36,804 - Loaded System Directive: org.apache.velocity.runtime.directive.Parse
2018-01-25 12:33:36,805 - Loaded System Directive: org.apache.velocity.runtime.directive.Include
2018-01-25 12:33:36,805 - Loaded System Directive: org.apache.velocity.runtime.directive.Foreach
2018-01-25 12:33:36,835 - Created '20' parsers.
2018-01-25 12:33:36,839 - Velocimacro : "velocimacro.library" is not set.  Trying default library: VM_global_library.vm
2018-01-25 12:33:36,839 - Velocimacro : Default library not found.
2018-01-25 12:33:36,839 - Velocimacro : allowInline = true : VMs can be defined inline in templates
2018-01-25 12:33:36,839 - Velocimacro : allowInlineToOverride = false : VMs defined inline may NOT replace previous VM definitions
2018-01-25 12:33:36,839 - Velocimacro : allowInlineLocal = false : VMs defined inline will be global in scope if allowed.
2018-01-25 12:33:36,839 - Velocimacro : autoload off : VM system will not automatically reload global library macros
2018-01-25 12:34:14,497 - Log4JLogChute initialized using file 'velocity.log'
2018-01-25 12:34:14,498 - Initializing Velocity, Calling init()...
2018-01-25 12:34:14,498 - Starting Apache Velocity v1.7 (compiled: 2010-11-19 12:14:37)
2018-01-25 12:34:14,498 - Default Properties File: org\apache\velocity\runtime\defaults\velocity.properties
2018-01-25 12:34:14,498 - Trying to use logger class org.apache.velocity.runtime.log.AvalonLogChute
2018-01-25 12:34:14,498 - Target log system for org.apache.velocity.runtime.log.AvalonLogChute is not available (java.lang.NoClassDefFoundError: org/apache/log/format/Formatter).  Falling back to next log system...
2018-01-25 12:34:14,498 - Trying to use logger class org.apache.velocity.runtime.log.Log4JLogChute
2018-01-25 12:34:14,498 - Using logger class org.apache.velocity.runtime.log.Log4JLogChute
2018-01-25 12:34:14,501 - ResourceLoader instantiated: org.apache.velocity.runtime.resource.loader.FileResourceLoader
2018-01-25 12:34:14,501 - Do unicode file recognition:  false
2018-01-25 12:34:14,501 - FileResourceLoader : adding path '.'
2018-01-25 12:34:14,506 - ResourceCache: initialized (class org.apache.velocity.runtime.resource.ResourceCacheImpl) with class java.util.Collections$SynchronizedMap cache map.
2018-01-25 12:34:14,507 - Loaded System Directive: org.apache.velocity.runtime.directive.Stop
2018-01-25 12:34:14,507 - Loaded System Directive: org.apache.velocity.runtime.directive.Define
2018-01-25 12:34:14,508 - Loaded System Directive: org.apache.velocity.runtime.directive.Break
2018-01-25 12:34:14,508 - Loaded System Directive: org.apache.velocity.runtime.directive.Evaluate
2018-01-25 12:34:14,509 - Loaded System Directive: org.apache.velocity.runtime.directive.Literal
2018-01-25 12:34:14,510 - Loaded System Directive: org.apache.velocity.runtime.directive.Macro
2018-01-25 12:34:14,511 - Loaded System Directive: org.apache.velocity.runtime.directive.Parse
2018-01-25 12:34:14,511 - Loaded System Directive: org.apache.velocity.runtime.directive.Include
2018-01-25 12:34:14,512 - Loaded System Directive: org.apache.velocity.runtime.directive.Foreach
2018-01-25 12:34:14,533 - Created '20' parsers.
2018-01-25 12:34:14,537 - Velocimacro : "velocimacro.library" is not set.  Trying default library: VM_global_library.vm
2018-01-25 12:34:14,537 - Velocimacro : Default library not found.
2018-01-25 12:34:14,537 - Velocimacro : allowInline = true : VMs can be defined inline in templates
2018-01-25 12:34:14,537 - Velocimacro : allowInlineToOverride = false : VMs defined inline may NOT replace previous VM definitions
2018-01-25 12:34:14,537 - Velocimacro : allowInlineLocal = false : VMs defined inline will be global in scope if allowed.
2018-01-25 12:34:14,537 - Velocimacro : autoload off : VM system will not automatically reload global library macros
2018-01-25 12:34:49,258 - Log4JLogChute initialized using file 'velocity.log'
2018-01-25 12:34:49,258 - Initializing Velocity, Calling init()...
2018-01-25 12:34:49,258 - Starting Apache Velocity v1.7 (compiled: 2010-11-19 12:14:37)
2018-01-25 12:34:49,258 - Default Properties File: org\apache\velocity\runtime\defaults\velocity.properties
2018-01-25 12:34:49,258 - Trying to use logger class org.apache.velocity.runtime.log.AvalonLogChute
2018-01-25 12:34:49,258 - Target log system for org.apache.velocity.runtime.log.AvalonLogChute is not available (java.lang.NoClassDefFoundError: org/apache/log/format/Formatter).  Falling back to next log system...
2018-01-25 12:34:49,258 - Trying to use logger class org.apache.velocity.runtime.log.Log4JLogChute
2018-01-25 12:34:49,258 - Using logger class org.apache.velocity.runtime.log.Log4JLogChute
2018-01-25 12:34:49,262 - ResourceLoader instantiated: org.apache.velocity.runtime.resource.loader.FileResourceLoader
2018-01-25 12:34:49,262 - Do unicode file recognition:  false
2018-01-25 12:34:49,262 - FileResourceLoader : adding path '.'
2018-01-25 12:34:49,268 - ResourceCache: initialized (class org.apache.velocity.runtime.resource.ResourceCacheImpl) with class java.util.Collections$SynchronizedMap cache map.
2018-01-25 12:34:49,269 - Loaded System Directive: org.apache.velocity.runtime.directive.Stop
2018-01-25 12:34:49,270 - Loaded System Directive: org.apache.velocity.runtime.directive.Define
2018-01-25 12:34:49,271 - Loaded System Directive: org.apache.velocity.runtime.directive.Break
2018-01-25 12:34:49,271 - Loaded System Directive: org.apache.velocity.runtime.directive.Evaluate
2018-01-25 12:34:49,272 - Loaded System Directive: org.apache.velocity.runtime.directive.Literal
2018-01-25 12:34:49,273 - Loaded System Directive: org.apache.velocity.runtime.directive.Macro
2018-01-25 12:34:49,273 - Loaded System Directive: org.apache.velocity.runtime.directive.Parse
2018-01-25 12:34:49,274 - Loaded System Directive: org.apache.velocity.runtime.directive.Include
2018-01-25 12:34:49,275 - Loaded System Directive: org.apache.velocity.runtime.directive.Foreach
2018-01-25 12:34:49,299 - Created '20' parsers.
2018-01-25 12:34:49,302 - Velocimacro : "velocimacro.library" is not set.  Trying default library: VM_global_library.vm
2018-01-25 12:34:49,303 - Velocimacro : Default library not found.
2018-01-25 12:34:49,303 - Velocimacro : allowInline = true : VMs can be defined inline in templates
2018-01-25 12:34:49,303 - Velocimacro : allowInlineToOverride = false : VMs defined inline may NOT replace previous VM definitions
2018-01-25 12:34:49,303 - Velocimacro : allowInlineLocal = false : VMs defined inline will be global in scope if allowed.
2018-01-25 12:34:49,303 - Velocimacro : autoload off : VM system will not automatically reload global library macros
2018-01-26 09:11:30,611 - Log4JLogChute initialized using file 'velocity.log'
2018-01-26 09:11:30,618 - Initializing Velocity, Calling init()...
2018-01-26 09:11:30,618 - Starting Apache Velocity v1.7 (compiled: 2010-11-19 12:14:37)
2018-01-26 09:11:30,618 - Default Properties File: org\apache\velocity\runtime\defaults\velocity.properties
2018-01-26 09:11:30,618 - Trying to use logger class org.apache.velocity.runtime.log.AvalonLogChute
2018-01-26 09:11:30,618 - Target log system for org.apache.velocity.runtime.log.AvalonLogChute is not available (java.lang.NoClassDefFoundError: org/apache/log/format/Formatter).  Falling back to next log system...
2018-01-26 09:11:30,618 - Trying to use logger class org.apache.velocity.runtime.log.Log4JLogChute
2018-01-26 09:11:30,618 - Using logger class org.apache.velocity.runtime.log.Log4JLogChute
2018-01-26 09:11:30,632 - ResourceLoader instantiated: org.apache.velocity.runtime.resource.loader.FileResourceLoader
2018-01-26 09:11:30,632 - Do unicode file recognition:  false
2018-01-26 09:11:30,632 - FileResourceLoader : adding path '.'
2018-01-26 09:11:30,681 - ResourceCache: initialized (class org.apache.velocity.runtime.resource.ResourceCacheImpl) with class java.util.Collections$SynchronizedMap cache map.
2018-01-26 09:11:30,682 - Loaded System Directive: org.apache.velocity.runtime.directive.Stop
2018-01-26 09:11:30,683 - Loaded System Directive: org.apache.velocity.runtime.directive.Define
2018-01-26 09:11:30,684 - Loaded System Directive: org.apache.velocity.runtime.directive.Break
2018-01-26 09:11:30,684 - Loaded System Directive: org.apache.velocity.runtime.directive.Evaluate
2018-01-26 09:11:30,685 - Loaded System Directive: org.apache.velocity.runtime.directive.Literal
2018-01-26 09:11:30,694 - Loaded System Directive: org.apache.velocity.runtime.directive.Macro
2018-01-26 09:11:30,695 - Loaded System Directive: org.apache.velocity.runtime.directive.Parse
2018-01-26 09:11:30,696 - Loaded System Directive: org.apache.velocity.runtime.directive.Include
2018-01-26 09:11:30,697 - Loaded System Directive: org.apache.velocity.runtime.directive.Foreach
2018-01-26 09:11:30,723 - Created '20' parsers.
2018-01-26 09:11:30,730 - Velocimacro : "velocimacro.library" is not set.  Trying default library: VM_global_library.vm
2018-01-26 09:11:30,731 - Velocimacro : Default library not found.
2018-01-26 09:11:30,731 - Velocimacro : allowInline = true : VMs can be defined inline in templates
2018-01-26 09:11:30,732 - Velocimacro : allowInlineToOverride = false : VMs defined inline may NOT replace previous VM definitions
2018-01-26 09:11:30,732 - Velocimacro : allowInlineLocal = false : VMs defined inline will be global in scope if allowed.
2018-01-26 09:11:30,732 - Velocimacro : autoload off : VM system will not automatically reload global library macros
2018-01-26 09:11:30,759 - The iterative object in the #foreach() loop at velocity[line 33, column 11] is of type java.util.Iterator.  Because it is not resettable, if used in more than once it may lead to unexpected results.
2018-01-26 09:11:30,766 - The iterative object in the #foreach() loop at velocity[line 40, column 11] is of type java.util.Iterator.  Because it is not resettable, if used in more than once it may lead to unexpected results.
2018-01-26 09:11:32,998 - The iterative object in the #foreach() loop at velocity[line 33, column 11] is of type java.util.Iterator.  Because it is not resettable, if used in more than once it may lead to unexpected results.
2018-01-26 09:11:33,000 - The iterative object in the #foreach() loop at velocity[line 40, column 11] is of type java.util.Iterator.  Because it is not resettable, if used in more than once it may lead to unexpected results.
2018-01-26 09:12:45,208 - Log4JLogChute initialized using file 'velocity.log'
2018-01-26 09:12:45,208 - Initializing Velocity, Calling init()...
2018-01-26 09:12:45,208 - Starting Apache Velocity v1.7 (compiled: 2010-11-19 12:14:37)
2018-01-26 09:12:45,208 - Default Properties File: org\apache\velocity\runtime\defaults\velocity.properties
2018-01-26 09:12:45,208 - Trying to use logger class org.apache.velocity.runtime.log.AvalonLogChute
2018-01-26 09:12:45,208 - Target log system for org.apache.velocity.runtime.log.AvalonLogChute is not available (java.lang.NoClassDefFoundError: org/apache/log/format/Formatter).  Falling back to next log system...
2018-01-26 09:12:45,208 - Trying to use logger class org.apache.velocity.runtime.log.Log4JLogChute
2018-01-26 09:12:45,208 - Using logger class org.apache.velocity.runtime.log.Log4JLogChute
2018-01-26 09:12:45,213 - ResourceLoader instantiated: org.apache.velocity.runtime.resource.loader.FileResourceLoader
2018-01-26 09:12:45,213 - Do unicode file recognition:  false
2018-01-26 09:12:45,213 - FileResourceLoader : adding path '.'
2018-01-26 09:12:45,224 - ResourceCache: initialized (class org.apache.velocity.runtime.resource.ResourceCacheImpl) with class java.util.Collections$SynchronizedMap cache map.
2018-01-26 09:12:45,225 - Loaded System Directive: org.apache.velocity.runtime.directive.Stop
2018-01-26 09:12:45,226 - Loaded System Directive: org.apache.velocity.runtime.directive.Define
2018-01-26 09:12:45,226 - Loaded System Directive: org.apache.velocity.runtime.directive.Break
2018-01-26 09:12:45,227 - Loaded System Directive: org.apache.velocity.runtime.directive.Evaluate
2018-01-26 09:12:45,227 - Loaded System Directive: org.apache.velocity.runtime.directive.Literal
2018-01-26 09:12:45,228 - Loaded System Directive: org.apache.velocity.runtime.directive.Macro
2018-01-26 09:12:45,229 - Loaded System Directive: org.apache.velocity.runtime.directive.Parse
2018-01-26 09:12:45,230 - Loaded System Directive: org.apache.velocity.runtime.directive.Include
2018-01-26 09:12:45,230 - Loaded System Directive: org.apache.velocity.runtime.directive.Foreach
2018-01-26 09:12:45,247 - Created '20' parsers.
2018-01-26 09:12:45,250 - Velocimacro : "velocimacro.library" is not set.  Trying default library: VM_global_library.vm
2018-01-26 09:12:45,250 - Velocimacro : Default library not found.
2018-01-26 09:12:45,251 - Velocimacro : allowInline = true : VMs can be defined inline in templates
2018-01-26 09:12:45,251 - Velocimacro : allowInlineToOverride = false : VMs defined inline may NOT replace previous VM definitions
2018-01-26 09:12:45,251 - Velocimacro : allowInlineLocal = false : VMs defined inline will be global in scope if allowed.
2018-01-26 09:12:45,251 - Velocimacro : autoload off : VM system will not automatically reload global library macros
2018-01-26 09:14:52,604 - Log4JLogChute initialized using file 'velocity.log'
2018-01-26 09:14:52,605 - Initializing Velocity, Calling init()...
2018-01-26 09:14:52,605 - Starting Apache Velocity v1.7 (compiled: 2010-11-19 12:14:37)
2018-01-26 09:14:52,605 - Default Properties File: org\apache\velocity\runtime\defaults\velocity.properties
2018-01-26 09:14:52,605 - Trying to use logger class org.apache.velocity.runtime.log.AvalonLogChute
2018-01-26 09:14:52,605 - Target log system for org.apache.velocity.runtime.log.AvalonLogChute is not available (java.lang.NoClassDefFoundError: org/apache/log/format/Formatter).  Falling back to next log system...
2018-01-26 09:14:52,605 - Trying to use logger class org.apache.velocity.runtime.log.Log4JLogChute
2018-01-26 09:14:52,605 - Using logger class org.apache.velocity.runtime.log.Log4JLogChute
2018-01-26 09:14:52,608 - ResourceLoader instantiated: org.apache.velocity.runtime.resource.loader.FileResourceLoader
2018-01-26 09:14:52,609 - Do unicode file recognition:  false
2018-01-26 09:14:52,609 - FileResourceLoader : adding path '.'
2018-01-26 09:14:52,614 - ResourceCache: initialized (class org.apache.velocity.runtime.resource.ResourceCacheImpl) with class java.util.Collections$SynchronizedMap cache map.
2018-01-26 09:14:52,615 - Loaded System Directive: org.apache.velocity.runtime.directive.Stop
2018-01-26 09:14:52,615 - Loaded System Directive: org.apache.velocity.runtime.directive.Define
2018-01-26 09:14:52,616 - Loaded System Directive: org.apache.velocity.runtime.directive.Break
2018-01-26 09:14:52,616 - Loaded System Directive: org.apache.velocity.runtime.directive.Evaluate
2018-01-26 09:14:52,617 - Loaded System Directive: org.apache.velocity.runtime.directive.Literal
2018-01-26 09:14:52,618 - Loaded System Directive: org.apache.velocity.runtime.directive.Macro
2018-01-26 09:14:52,619 - Loaded System Directive: org.apache.velocity.runtime.directive.Parse
2018-01-26 09:14:52,620 - Loaded System Directive: org.apache.velocity.runtime.directive.Include
2018-01-26 09:14:52,620 - Loaded System Directive: org.apache.velocity.runtime.directive.Foreach
2018-01-26 09:14:52,645 - Created '20' parsers.
2018-01-26 09:14:52,649 - Velocimacro : "velocimacro.library" is not set.  Trying default library: VM_global_library.vm
2018-01-26 09:14:52,649 - Velocimacro : Default library not found.
2018-01-26 09:14:52,649 - Velocimacro : allowInline = true : VMs can be defined inline in templates
2018-01-26 09:14:52,649 - Velocimacro : allowInlineToOverride = false : VMs defined inline may NOT replace previous VM definitions
2018-01-26 09:14:52,649 - Velocimacro : allowInlineLocal = false : VMs defined inline will be global in scope if allowed.
2018-01-26 09:14:52,649 - Velocimacro : autoload off : VM system will not automatically reload global library macros
2018-01-29 09:13:29,393 - Log4JLogChute initialized using file 'velocity.log'
2018-01-29 09:13:29,394 - Initializing Velocity, Calling init()...
2018-01-29 09:13:29,394 - Starting Apache Velocity v1.7 (compiled: 2010-11-19 12:14:37)
2018-01-29 09:13:29,394 - Default Properties File: org\apache\velocity\runtime\defaults\velocity.properties
2018-01-29 09:13:29,394 - Trying to use logger class org.apache.velocity.runtime.log.AvalonLogChute
2018-01-29 09:13:29,394 - Target log system for org.apache.velocity.runtime.log.AvalonLogChute is not available (java.lang.NoClassDefFoundError: org/apache/log/format/Formatter).  Falling back to next log system...
2018-01-29 09:13:29,394 - Trying to use logger class org.apache.velocity.runtime.log.Log4JLogChute
2018-01-29 09:13:29,394 - Using logger class org.apache.velocity.runtime.log.Log4JLogChute
2018-01-29 09:13:29,397 - ResourceLoader instantiated: org.apache.velocity.runtime.resource.loader.FileResourceLoader
2018-01-29 09:13:29,398 - Do unicode file recognition:  false
2018-01-29 09:13:29,398 - FileResourceLoader : adding path '.'
2018-01-29 09:13:29,402 - ResourceCache: initialized (class org.apache.velocity.runtime.resource.ResourceCacheImpl) with class java.util.Collections$SynchronizedMap cache map.
2018-01-29 09:13:29,403 - Loaded System Directive: org.apache.velocity.runtime.directive.Stop
2018-01-29 09:13:29,404 - Loaded System Directive: org.apache.velocity.runtime.directive.Define
2018-01-29 09:13:29,405 - Loaded System Directive: org.apache.velocity.runtime.directive.Break
2018-01-29 09:13:29,405 - Loaded System Directive: org.apache.velocity.runtime.directive.Evaluate
2018-01-29 09:13:29,405 - Loaded System Directive: org.apache.velocity.runtime.directive.Literal
2018-01-29 09:13:29,406 - Loaded System Directive: org.apache.velocity.runtime.directive.Macro
2018-01-29 09:13:29,407 - Loaded System Directive: org.apache.velocity.runtime.directive.Parse
2018-01-29 09:13:29,407 - Loaded System Directive: org.apache.velocity.runtime.directive.Include
2018-01-29 09:13:29,408 - Loaded System Directive: org.apache.velocity.runtime.directive.Foreach
2018-01-29 09:13:29,432 - Created '20' parsers.
2018-01-29 09:13:29,436 - Velocimacro : "velocimacro.library" is not set.  Trying default library: VM_global_library.vm
2018-01-29 09:13:29,436 - Velocimacro : Default library not found.
2018-01-29 09:13:29,436 - Velocimacro : allowInline = true : VMs can be defined inline in templates
2018-01-29 09:13:29,436 - Velocimacro : allowInlineToOverride = false : VMs defined inline may NOT replace previous VM definitions
2018-01-29 09:13:29,436 - Velocimacro : allowInlineLocal = false : VMs defined inline will be global in scope if allowed.
2018-01-29 09:13:29,436 - Velocimacro : autoload off : VM system will not automatically reload global library macros
2018-01-29 09:13:35,860 - Null reference [template 'velocity', line 5, column 29] : $result cannot be resolved.
2018-01-29 09:13:38,429 - Null reference [template 'velocity', line 5, column 29] : $result cannot be resolved.
